


materialPath: c:\program files (x86)\steam\steamapps\jv_garrysmod\half-life 2 episode two\ep2\materials
Loading C:\Mapping Krap\VMF\GMod\fs\gm_flatgrass_big_005.vmf
ConVarRef mat_reduceparticles doesn't point to an existing ConVar
Could not locate 'GameData' key in c:\program files (x86)\steam\steamapps\jv_garrysmod\half-life 2 episode two\ep2\gameinfo.txt
fixing up env_cubemap materials on brush sides...
0...1...2...3...4...5...6...7...8...9...10**** leaked ****

FindPortalSide: Couldn't find a good match for which brush to assign to a portal near (14848.0 15360.0 0.0)
Leaf 0 contents: 
Leaf 1 contents: CONTENTS_SOLID 
viscontents (node 0 contents ^ node 1 contents): CONTENTS_SOLID 
This means that none of the brushes in leaf 0 or 1 that touches the portal has CONTENTS_SOLID 
Check for a huge brush enclosing the coordinates above that has contents CONTENTS_SOLID 
Candidate brush IDs: 


FindPortalSide: Couldn't find a good match for which brush to assign to a portal near (15360.0 14848.0 0.0)
Leaf 0 contents: 
Leaf 1 contents: CONTENTS_SOLID 
viscontents (node 0 contents ^ node 1 contents): CONTENTS_SOLID 
This means that none of the brushes in leaf 0 or 1 that touches the portal has CONTENTS_SOLID 
Check for a huge brush enclosing the coordinates above that has contents CONTENTS_SOLID 
Candidate brush IDs: 


FindPortalSide: Couldn't find a good match for which brush to assign to a portal near (13696.0 14336.0 -14222.0)
Leaf 0 contents: CONTENTS_SOLID 
Leaf 1 contents: 
viscontents (node 0 contents ^ node 1 contents): CONTENTS_SOLID 
This means that none of the brushes in leaf 0 or 1 that touches the portal has CONTENTS_SOLID 
Check for a huge brush enclosing the coordinates above that has contents CONTENTS_SOLID 
Candidate brush IDs: 


FindPortalSide: Couldn't find a good match for which brush to assign to a portal near (14208.0 14336.0 -14222.0)
Leaf 0 contents: CONTENTS_SOLID 
Leaf 1 contents: 
viscontents (node 0 contents ^ node 1 contents): CONTENTS_SOLID 
This means that none of the brushes in leaf 0 or 1 that touches the portal has CONTENTS_SOLID 
Check for a huge brush enclosing the coordinates above that has contents CONTENTS_SOLID 
Candidate brush IDs: 


FindPortalSide: Couldn't find a good match for which brush to assign to a portal near (13696.0 14336.0 14215.9)
Leaf 0 contents: CONTENTS_SOLID 
Leaf 1 contents: 
viscontents (node 0 contents ^ node 1 contents): CONTENTS_SOLID 
This means that none of the brushes in leaf 0 or 1 that touches the portal has CONTENTS_SOLID 
Check for a huge brush enclosing the coordinates above that has contents CONTENTS_SOLID 
Candidate brush IDs: 


FindPortalSide: Couldn't find a good match for which brush to assign to a portal near (14208.0 14336.0 14215.9)
Leaf 0 contents: CONTENTS_SOLID 
Leaf 1 contents: 
viscontents (node 0 contents ^ node 1 contents): CONTENTS_SOLID 
This means that none of the brushes in leaf 0 or 1 that touches the portal has CONTENTS_SOLID 
Check for a huge brush enclosing the coordinates above that has contents CONTENTS_SOLID 
Candidate brush IDs: 


FindPortalSide: Couldn't find a good match for which brush to assign to a portal near (13824.0 15360.0 0.0)
Leaf 0 contents: 
Leaf 1 contents: CONTENTS_SOLID 
viscontents (node 0 contents ^ node 1 contents): CONTENTS_SOLID 
This means that none of the brushes in leaf 0 or 1 that touches the portal has CONTENTS_SOLID 
Check for a huge brush enclosing the coordinates above that has contents CONTENTS_SOLID 
Candidate brush IDs: 


FindPortalSide: Couldn't find a good match for which brush to assign to a portal near (12800.0 14336.0 14215.9)
Leaf 0 contents: CONTENTS_SOLID 
Leaf 1 contents: 
viscontents (node 0 contents ^ node 1 contents): CONTENTS_SOLID 
This means that none of the brushes in leaf 0 or 1 that touches the portal has CONTENTS_SOLID 
Check for a huge brush enclosing the coordinates above that has contents CONTENTS_SOLID 
Candidate brush IDs: 

*** Suppressing further FindPortalSide errors.... ***
Processing areas...done (0)
Building Faces...done (0)
Chop Details...done (0)
Find Visible Detail Sides...done (0)
Merging details...done (0)
FixTjuncs...
PruneNodes...
WriteBSP...
done (0)
Creating default LDR cubemaps for env_cubemap using skybox materials:
   skybox/militia_hdr*.vmt
 ! Run buildcubemaps in the engine to get the correct cube maps.
Creating default HDR cubemaps for env_cubemap using skybox materials:
   skybox/militia_hdr*.vmt
 ! Run buildcubemaps in the engine to get the correct cube maps.
Finding displacement neighbors...
Finding lightmap sample positions...
Displacement Alpha : 0...1...2...3...4...5...6...7...8...9...10
Building Physics collision data...
done (0) (23229 bytes)
Static prop models/props/cs_militia/ladderrung.mdl outside the map (-227.00, -2493.16, -13881.60)
Static prop models/props/cs_militia/ladderrung.mdl outside the map (-195.00, -2413.16, -14009.60)
Static prop models/props/de_prodigy/wall_console2.mdl outside the map (-330.00, -2420.16, -13942.00)
Static prop models/props_wasteland/prison_metalbed001a.mdl outside the map (-702.00, -2214.16, -13915.00)
Static prop models/props_wasteland/prison_metalbed001a.mdl outside the map (-702.00, -2294.16, -13915.00)
Static prop models/props/de_prodigy/desk_console1.mdl outside the map (-701.00, -2254.16, -13911.00)
Static prop models/props/de_prodigy/desk_console2.mdl outside the map (-701.00, -2303.16, -13911.00)
Static prop models/props/de_prodigy/desk_console3.mdl outside the map (-701.00, -2205.16, -13911.00)
Static prop models/props_wasteland/prison_metalbed001a.mdl outside the map (-744.00, -2294.16, -13915.00)
Static prop models/props/de_prodigy/desk_console2.mdl outside the map (-744.00, -2204.16, -13911.00)
Static prop models/props/de_prodigy/desk_console3.mdl outside the map (-744.00, -2253.16, -13911.00)
Static prop models/props/de_prodigy/desk_console1.mdl outside the map (-744.00, -2302.16, -13911.00)
Static prop models/props_wasteland/prison_metalbed001a.mdl outside the map (-744.00, -2214.16, -13915.00)
Static prop models/props/cs_militia/ladderrung.mdl outside the map (-547.00, -2237.16, -13745.60)
Static prop models/props_forest/footlocker01_closed.mdl outside the map (-939.87, -2640.55, -13930.00)
Static prop models/props_forest/footlocker01_closed.mdl outside the map (-955.16, -2641.92, -13906.00)
Static prop models/props_radiostation/radio_antenna01_stay.mdl outside the map (4752.38, -9451.75, -14042.80)
Static prop models/props_radiostation/radio_antenna01_stay.mdl outside the map (4759.66, -9448.43, -14051.80)
Static prop models/props_radiostation/radio_antenna01_stay.mdl outside the map (4766.03, -9445.53, -14060.80)
Static prop models/props_radiostation/radio_antenna01_pylon.mdl outside the map (4733.59, -9460.28, -14077.00)
Static prop models/props_radiostation/radio_antenna01_stay.mdl outside the map (6468.64, -6628.00, -14044.80)
Static prop models/props_radiostation/radio_antenna01_stay.mdl outside the map (6468.64, -6636.00, -14053.80)
Static prop models/props_radiostation/radio_antenna01_stay.mdl outside the map (6468.64, -6643.00, -14062.80)
Static prop models/props_radiostation/radio_antenna01_pylon.mdl outside the map (6468.67, -6607.37, -14079.00)
Static prop models/props_radiostation/radio_antenna01_stay.mdl outside the map (8240.56, -9916.27, -14044.80)
Static prop models/props_radiostation/radio_antenna01_stay.mdl outside the map (8234.09, -9911.56, -14053.80)
Static prop models/props_radiostation/radio_antenna01_stay.mdl outside the map (8228.43, -9907.45, -14062.80)
Static prop models/props_radiostation/radio_antenna01_pylon.mdl outside the map (8257.24, -9928.42, -14079.00)
Static prop models/props/de_prodigy/wall_console2.mdl outside the map (-446.00, -2420.16, -13942.00)
Static prop models/props/de_prodigy/wall_console3.mdl outside the map (-378.00, -2420.16, -13942.00)
Static prop models/props/de_prodigy/wall_console1.mdl outside the map (-494.00, -2420.16, -13942.00)
Static prop models/props_wasteland/speakercluster01a.mdl outside the map (-989.00, -2691.16, -13830.00)
Static prop models/props_forest/footlocker01_closed.mdl outside the map (-973.00, -2643.16, -13930.00)
Static prop models/props_pipes/pipeset02d_128_001b.mdl outside the map (-737.00, -2216.16, -13878.00)
Static prop models/props_lab/powerbox02a.mdl outside the map (-740.00, -2221.16, -13843.00)
Static prop models/props_c17/utilitypole02b.mdl outside the map (1062.14, -3619.00, -14106.00)
Static prop models/props_c17/utilitypole02b.mdl outside the map (3037.93, -5206.17, -14106.00)
Static prop models/props_radiostation/radio_antenna01.mdl outside the map (6451.07, -8632.74, -14063.00)
Static prop models/props_c17/substation_transformer01a.mdl outside the map (5937.00, -8758.00, -14004.00)
Static prop models/props_c17/substation_stripebox01a.mdl outside the map (6171.00, -8781.00, -13985.00)
Static prop models/props_c17/utilitypole02b.mdl outside the map (4592.93, -6612.17, -14106.00)
Static prop models/props_c17/utilitypole02b.mdl outside the map (5563.17, -8049.07, -14106.00)
Static prop models/props_combine/breendesk.mdl outside the map (-879.00, -2319.00, -14078.00)
Static prop models/props_interiors/lights_florescent01a.mdl outside the map (-644.00, -2275.00, -13950.00)
Static prop models/props_interiors/lights_florescent01a.mdl outside the map (-874.00, -2275.00, -13950.00)
Static prop models/props_interiors/lights_florescent01a.mdl outside the map (-874.00, -2552.00, -13950.00)
Static prop models/props_interiors/lights_florescent01a.mdl outside the map (-644.00, -2552.00, -13950.00)
Static prop models/props_interiors/lights_florescent01a.mdl outside the map (-392.00, -2552.00, -13950.00)
Static prop models/props_interiors/lights_florescent01a.mdl outside the map (-85.00, -2552.00, -13950.00)
Static prop models/props_interiors/lights_florescent01a.mdl outside the map (-392.00, -2552.00, -13814.00)
Static prop models/props_lab/walllight001a.mdl outside the map (-529.00, -2241.00, -13831.00)
Static prop models/props_interiors/lights_florescent01a.mdl outside the map (-874.00, -2552.00, -13814.00)
Static prop models/props_interiors/lights_florescent01a.mdl outside the map (-644.00, -2552.00, -13814.00)
Static prop models/props_interiors/lights_florescent01a.mdl outside the map (-644.00, -2275.00, -13814.00)
Static prop models/props_interiors/lights_florescent01a.mdl outside the map (-874.00, -2275.00, -13814.00)
Static prop models/props_lab/walllight001a.mdl outside the map (-529.00, -2331.00, -13969.00)
Static prop models/props_lab/walllight001a.mdl outside the map (-400.00, -2403.00, -13836.00)
Static prop models/props_lab/walllight001a.mdl outside the map (-329.00, -2403.00, -13707.00)
Static prop models/props_wasteland/speakercluster01a.mdl outside the map (-233.00, -2151.16, -13694.00)
Static prop models/props_wasteland/speakercluster01a.mdl outside the map (-1152.53, -588.02, -13601.00)
Static prop models/props_docks/dockpole01a.mdl outside the map (-1169.40, -594.61, -13825.00)
Static prop models/props_wasteland/speakercluster01a.mdl outside the map (5439.47, -7079.02, -13601.00)
Static prop models/props_docks/dockpole01a.mdl outside the map (5422.60, -7085.61, -13825.00)
Static prop models/props_wasteland/speakercluster01a.mdl outside the map (-792.46, 1700.16, -13601.00)
Static prop models/props_docks/dockpole01a.mdl outside the map (-806.60, 1711.47, -13825.00)
Placing detail props : 0...1...2...3...4...5...6...7...8...9...10
Compacting texture/material tables...
Reduced 1253 texinfos to 50
Reduced 63 texdatas to 26 (1518 bytes to 553)
Writing C:\Mapping Krap\VMF\GMod\fs\gm_flatgrass_big_005.bsp
7 seconds elapsed



2 threads
reading c:\mapping krap\vmf\gmod\fs\gm_flatgrass_big_005.bsp
reading c:\mapping krap\vmf\gmod\fs\gm_flatgrass_big_005.prt
LoadPortals: couldn't read c:\mapping krap\vmf\gmod\fs\gm_flatgrass_big_005.prt



[Reading texlights from 'lights.rad']
[48 texlights parsed from 'lights.rad']

Loading c:\mapping krap\vmf\gmod\fs\gm_flatgrass_big_005.bsp
No vis information, direct lighting only.
2073 faces
11644376 square feet [1676790272.00 square inches]
0 Displacements
0 Square Feet [0.00 Square Inches]
17 direct lights
0...1...2...3...4...5...6...7...8...9...10Build Patch/Sample Hash Table(s).....Done<0.0001 sec>
0...1...2...3...4...5...6...7...8...9...10FinalLightFace Done
0 of 0 (0% of) surface lights went in leaf ambient cubes.
0...1...2...3...4...5...6...7...8...9...10Writing leaf ambient...done
Ready to Finish

Object names       Objects/Maxobjs  Memory / Maxmem  Fullness 
------------       ---------------  ---------------  -------- 
models                  35/1024         1680/49152    ( 3.4%) 
brushes               1288/8192        15456/98304    (15.7%) 
brushsides           12827/65536      102616/524288   (19.6%) 
planes                6970/65536      139400/1310720  (10.6%) 
vertexes              3985/65536       47820/786432   ( 6.1%) 
nodes                 5579/65536      178528/2097152  ( 8.5%) 
texinfos                50/12288        3600/884736   ( 0.4%) 
texdata                 26/2048          832/65536    ( 1.3%) 
dispinfos                0/0               0/0        ( 0.0%) 
disp_verts               0/0               0/0        ( 0.0%) 
disp_tris                0/0               0/0        ( 0.0%) 
disp_lmsamples           0/0               0/0        ( 0.0%) 
faces                 2073/65536      116088/3670016  ( 3.2%) 
hdr faces                0/65536           0/3670016  ( 0.0%) 
origfaces               75/65536        4200/3670016  ( 0.1%) 
leaves                5615/65536      179680/2097152  ( 8.6%) 
leaffaces             2193/65536        4386/131072   ( 3.3%) 
leafbrushes           3402/65536        6804/131072   ( 5.2%) 
areas                    1/256             8/2048     ( 0.4%) 
surfedges             8604/512000      34416/2048000  ( 1.7%) 
edges                 4609/256000      18436/1024000  ( 1.8%) 
LDR worldlights         17/8192         1496/720896   ( 0.2%) 
HDR worldlights          0/8192            0/720896   ( 0.0%) 
leafwaterdata            0/32768           0/393216   ( 0.0%) 
waterstrips              0/32768           0/327680   ( 0.0%) 
waterverts               0/65536           0/786432   ( 0.0%) 
waterindices             0/65536           0/131072   ( 0.0%) 
cubemapsamples           0/1024            0/16384    ( 0.0%) 
overlays                 3/512          1056/180224   ( 0.6%) 
LDR lightdata         [variable]        3604/0        ( 0.0%) 
HDR lightdata         [variable]           0/0        ( 0.0%) 
visdata               [variable]           0/16777216 ( 0.0%) 
entdata               [variable]       65760/393216   (16.7%) 
LDR ambient table     5615/65536       22460/262144   ( 8.6%) 
HDR ambient table     5615/65536       22460/262144   ( 8.6%) 
LDR leaf ambient     20597/65536      576716/1835008  (31.4%) 
HDR leaf ambient      5615/65536      157220/1835008  ( 8.6%) 
occluders                0/0               0/0        ( 0.0%) 
occluder polygons        0/0               0/0        ( 0.0%) 
occluder vert ind        0/0               0/0        ( 0.0%) 
detail props          [variable]           1/12       ( 8.3%) 
static props          [variable]           1/12       ( 8.3%) 
pakfile               [variable]      174523/0        ( 0.0%) 
physics               [variable]       23229/4194304  ( 0.6%) 
physics terrain       [variable]           2/1048576  ( 0.0%) 

Level flags = 0

Total triangle count: 4154
Writing c:\mapping krap\vmf\gmod\fs\gm_flatgrass_big_005.bsp
5 minutes, 43 seconds elapsed



[Reading texlights from 'lights.rad']
[48 texlights parsed from 'lights.rad']

Loading c:\mapping krap\vmf\gmod\fs\gm_flatgrass_big_005.bsp
No vis information, direct lighting only.
2073 faces
11644376 square feet [1676790272.00 square inches]
0 Displacements
0 Square Feet [0.00 Square Inches]
17 direct lights
0...1...2...3...4...5...6...7...8...9...10Build Patch/Sample Hash Table(s).....Done<0.0001 sec>
0...1...2...3...4...5...6...7...8...9...