


materialPath: c:\program files (x86)\steam\steamapps\jv_garrysmod\half-life 2 episode two\ep2\materials
Loading C:\Mapping Krap\VMF\GMod\fs\gm_flatgrass-2-the-max_002.vmf
ConVarRef mat_reduceparticles doesn't point to an existing ConVar
Could not locate 'GameData' key in c:\program files (x86)\steam\steamapps\jv_garrysmod\half-life 2 episode two\ep2\gameinfo.txt
fixing up env_cubemap materials on brush sides...
0...1...2...3...4...5...6...7...8...9...100...1...2...3...4...5...6...7...8...9...10Processing areas...done (0)
Building Faces...done (0)
Chop Details...done (0)
Find Visible Detail Sides...done (0)
Merging details...done (2)
FixTjuncs...
PruneNodes...
WriteBSP...
done (0)
writing C:\Mapping Krap\VMF\GMod\fs\gm_flatgrass-2-the-max_002.prt...Building visibility clusters...
done (0)
Creating default LDR cubemaps for env_cubemap using skybox materials:
   skybox/militia_hdr*.vmt
 ! Run buildcubemaps in the engine to get the correct cube maps.
Creating default HDR cubemaps for env_cubemap using skybox materials:
   skybox/militia_hdr*.vmt
 ! Run buildcubemaps in the engine to get the correct cube maps.
Finding displacement neighbors...
Finding lightmap sample positions...
Displacement Alpha : 0...1...2...3...4...5...6...7...8...9...10
Building Physics collision data...
done (16) (10560 bytes)
Placing detail props : 0...1...2...3...4...5...6...7...8...9...10
Compacting texture/material tables...
Reduced 54 texinfos to 14
Reduced 10 texdatas to 8 (217 bytes to 179)
Writing C:\Mapping Krap\VMF\GMod\fs\gm_flatgrass-2-the-max_002.bsp
21 seconds elapsed



2 threads
reading c:\mapping krap\vmf\gmod\fs\gm_flatgrass-2-the-max_002.bsp
reading c:\mapping krap\vmf\gmod\fs\gm_flatgrass-2-the-max_002.prt
 804 portalclusters
1588 numportals
0...1...2...3...4...5...6...7...8...9...100...1...2...3...4...5...6...7...8...9...10Optimized: 0 visible clusters (0.00%)
Total clusters visible: 646408
Average clusters visible: 803
Building PAS...
Average clusters audible: 804
visdatasize:168844  compressed from 167232
writing c:\mapping krap\vmf\gmod\fs\gm_flatgrass-2-the-max_002.bsp
21 minutes, 41 seconds elapsed



[Reading texlights from 'lights.rad']
[48 texlights parsed from 'lights.rad']

Loading c:\mapping krap\vmf\gmod\fs\gm_flatgrass-2-the-max_002.bsp
23897 faces
60486116 square feet [8710000640.00 square inches]
0 Displacements
0 Square Feet [0.00 Square Inches]
23897 patches before subdivision
