


materialPath: c:\program files (x86)\steam\steamapps\jv_garrysmod\half-life 2 episode two\ep2\materials
Loading C:\Mapping Krap\VMF\GMod\fs\gm_flatgrass-2-the-max_001.vmf
Could not locate 'GameData' key in c:\program files (x86)\steam\steamapps\jv_garrysmod\half-life 2 episode two\ep2\gameinfo.txt
fixing up env_cubemap materials on brush sides...
0...1...2...3...4...5...6...7...8...9...100...1...2...3...4...5...6...7...8...9...10Processing areas...done (0)
Building Faces...done (0)
Chop Details...done (0)
Find Visible Detail Sides...done (1)
Merging details...done (1)
FixTjuncs...
PruneNodes...
WriteBSP...
done (0)
writing C:\Mapping Krap\VMF\GMod\fs\gm_flatgrass-2-the-max_001.prt...Building visibility clusters...
done (0)
Creating default LDR cubemaps for env_cubemap using skybox materials:
   skybox/militia_hdr*.vmt
 ! Run buildcubemaps in the engine to get the correct cube maps.
Creating default HDR cubemaps for env_cubemap using skybox materials:
   skybox/militia_hdr*.vmt
 ! Run buildcubemaps in the engine to get the correct cube maps.
Finding displacement neighbors...
Finding lightmap sample positions...
Displacement Alpha : 0...1...2...3...4...5...6...7...8...9...10
Building Physics collision data...
done (13) (8336 bytes)
Placing detail props : 0...1...2...3...4...5...6...7...8...9...10
Compacting texture/material tables...
Reduced 31 texinfos to 12
Reduced 6 texdatas to 6 (140 bytes to 140)
Writing C:\Mapping Krap\VMF\GMod\fs\gm_flatgrass-2-the-max_001.bsp
18 seconds elapsed



2 threads
reading c:\mapping krap\vmf\gmod\fs\gm_flatgrass-2-the-max_001.bsp
reading c:\mapping krap\vmf\gmod\fs\gm_flatgrass-2-the-max_001.prt
 792 portalclusters
1540 numportals
0...1...2...3...4...5...6...7...8...9...100...1...2...3...4...5...6...7...8...9...10Optimized: 0 visible clusters (0.00%)
Total clusters visible: 627256
Average clusters visible: 791
Building PAS...
Average clusters audible: 792
visdatasize:163156  compressed from 164736
writing c:\mapping krap\vmf\gmod\fs\gm_flatgrass-2-the-max_001.bsp
6 minutes, 13 seconds elapsed



[Reading texlights from 'lights.rad']
[48 texlights parsed from 'lights.rad']

Loading c:\mapping krap\vmf\gmod\fs\gm_flatgrass-2-the-max_001.bsp
23881 faces
60485810 square feet [8709956608.00 square inches]
0 Displacements
0 Square Feet [0.00 Square Inches]
23881 patches before subdivision
